2017-10-18T06:34:45.673Z - normal: Load ~/.CocosCreator/settings.json
2017-10-18T06:34:45.676Z - normal: checking language setting...
2017-10-18T06:34:45.676Z - normal: Language: zh
2017-10-18T06:34:45.977Z - success: protocol editor-framework registered
2017-10-18T06:34:45.977Z - success: protocol app registered
2017-10-18T06:34:45.978Z - success: protocol theme registered
2017-10-18T06:34:45.978Z - success: protocol profile registered
2017-10-18T06:34:45.978Z - success: protocol packages registered
2017-10-18T06:34:45.980Z - success: protocol unpack registerred
2017-10-18T06:34:45.980Z - success: protocol disable-commonjs registerred
2017-10-18T06:34:46.305Z - normal: connected!
2017-10-18T06:34:46.307Z - normal: Check project /Users/splspeco/Documents/ggame
2017-10-18T06:34:46.308Z - normal: Initializing Cocos2d
2017-10-18T06:34:46.468Z - normal: Initializing Asset Database
2017-10-18T06:34:46.492Z - success: protocol uuid registerred
2017-10-18T06:34:46.492Z - success: protocol db registerred
2017-10-18T06:34:46.492Z - success: protocol thumbnail registerred
2017-10-18T06:34:46.492Z - normal: Loading editor/builtin packages
2017-10-18T06:34:46.507Z - success: anysdk loaded
2017-10-18T06:34:46.620Z - success: assets loaded
2017-10-18T06:34:46.623Z - success: builder loaded
2017-10-18T06:34:46.626Z - success: hierarchy loaded
2017-10-18T06:34:46.630Z - success: inspector loaded
2017-10-18T06:34:46.631Z - success: keystore loaded
2017-10-18T06:34:46.634Z - success: node-library loaded
2017-10-18T06:34:46.635Z - success: package-asset loaded
2017-10-18T06:34:46.636Z - success: preferences loaded
2017-10-18T06:34:46.648Z - success: project-importer loaded
2017-10-18T06:34:46.650Z - success: project-settings loaded
2017-10-18T06:34:46.653Z - success: ui-kit loaded
2017-10-18T06:34:46.657Z - success: ui-grid loaded
2017-10-18T06:34:46.660Z - success: scene loaded
2017-10-18T06:34:46.661Z - success: sprite-editor loaded
2017-10-18T06:34:46.664Z - success: store loaded
2017-10-18T06:34:46.668Z - success: timeline loaded
2017-10-18T06:34:46.669Z - normal: Loading builtin packages
2017-10-18T06:34:46.673Z - success: asset-db-debugger loaded
2017-10-18T06:34:46.674Z - success: code-editor loaded
2017-10-18T06:34:46.675Z - success: color-picker loaded
2017-10-18T06:34:46.678Z - success: console loaded
2017-10-18T06:34:46.681Z - success: package-manager loaded
2017-10-18T06:34:46.686Z - success: sdkbox loaded
2017-10-18T06:34:46.689Z - success: tester loaded
2017-10-18T06:34:46.693Z - success: ui-kit-preview-extra loaded
2017-10-18T06:34:46.696Z - success: ui-kit-preview loaded
2017-10-18T06:34:46.699Z - success: ui-tree loaded
2017-10-18T06:34:47.360Z - normal: Initializing project /Users/splspeco/Documents/ggame
2017-10-18T06:34:47.361Z - normal: Loading packages
2017-10-18T06:34:47.365Z - normal: Watching packages
2017-10-18T06:34:47.376Z - normal: Run Application
2017-10-18T06:34:48.387Z - success: preview server running at http://localhost:7457
2017-10-18T06:34:48.387Z - normal: Compiling scripts...
2017-10-18T06:34:49.730Z - normal: Compiled project javascript file successfully
2017-10-18T06:34:53.202Z - normal: 1.5.2
2017-10-18T06:44:15.374Z - normal: Compiled project javascript file successfully
2017-10-18T06:44:37.493Z - normal: Compiled project javascript file successfully
2017-10-18T06:59:02.408Z - normal: Simulator: WORKAREA WIDTH 1920.00, HEIGHT 970.00
2017-10-18T06:59:02.410Z - normal: Simulator: FRAME SCALE = 1.00
2017-10-18T06:59:02.415Z - normal: Simulator: GLFWError #65544 Happen, Cocoa: Failed to retrieve display name
2017-10-18T06:59:02.565Z - normal: Simulator: 
2017-10-18T06:59:02.565Z - normal: Simulator: {
2017-10-18T06:59:02.565Z - normal: Simulator: 	gl.supports_OES_map_buffer: false
2017-10-18T06:59:02.565Z - normal: Simulator: 	gl.supports_vertex_array_object: true
2017-10-18T06:59:02.566Z - normal: Simulator: 	cocos2d.x.version: 1.5.2
2017-10-18T06:59:02.583Z - normal: Simulator: 	gl.vendor: NVIDIA Corporation
2017-10-18T06:59:02.583Z - normal: Simulator: 	gl.supports_PVRTC: false
2017-10-18T06:59:02.583Z - normal: Simulator: 	gl.renderer: NVIDIA GeForce GTX 650 OpenGL Engine
2017-10-18T06:59:02.583Z - normal: Simulator: 	cocos2d.x.compiled_with_profiler: false
2017-10-18T06:59:02.583Z - normal: Simulator: 	gl.max_texture_size: 16384
2017-10-18T06:59:02.584Z - normal: Simulator: 	gl.supports_ETC1: false
2017-10-18T06:59:02.584Z - normal: Simulator: 	gl.supports_BGRA8888: false
2017-10-18T06:59:02.584Z - normal: Simulator: 	cocos2d.x.build_type: DEBUG
2017-10-18T06:59:02.584Z - normal: Simulator: 	gl.max_texture_units: 16
2017-10-18T06:59:02.585Z - normal: Simulator: 	gl.supports_OES_packed_depth_stencil: false
2017-10-18T06:59:02.585Z - normal: Simulator: 	gl.supports_discard_framebuffer: false
2017-10-18T06:59:02.585Z - normal: Simulator: 	gl.supports_NPOT: true
2017-10-18T06:59:02.585Z - normal: Simulator: 	gl.version: 2.1 NVIDIA-10.17.34 367.15.10.45f01
2017-10-18T06:59:02.585Z - normal: Simulator: 	cocos2d.x.compiled_with_gl_state_cache: true
2017-10-18T06:59:02.585Z - normal: Simulator: 	gl.supports_OES_depth24: false
2017-10-18T06:59:02.585Z - normal: Simulator: }
2017-10-18T06:59:02.586Z - normal: Simulator: 
2017-10-18T06:59:02.586Z - normal: Simulator: 
2017-10-18T06:59:02.586Z - normal: Simulator: cocos2d: warning, Director::setProjection() failed because size is 0
2017-10-18T06:59:02.587Z - normal: Simulator: Project Config:
2017-10-18T06:59:02.587Z - normal: Simulator:     project dir: /Applications/CocosCreator.app/Contents/Resources/cocos2d-x/simulator/mac/Simulator.app/Contents/Resources/
2017-10-18T06:59:02.587Z - normal: Simulator:     writable path: $(PROJDIR)/
2017-10-18T06:59:02.588Z - normal: Simulator:     script file: $(PROJDIR)/main.js
2017-10-18T06:59:02.588Z - normal: Simulator:     frame size: 960 x 640
2017-10-18T06:59:02.588Z - normal: Simulator:     frame scale: 1.00
2017-10-18T06:59:02.588Z - normal: Simulator:     show console: NO
2017-10-18T06:59:02.588Z - normal: Simulator:     write debug log: NO ()
2017-10-18T06:59:02.589Z - normal: Simulator:     listen: 
2017-10-18T06:59:02.589Z - normal: Simulator:     debugger: none
2017-10-18T06:59:02.590Z - normal: Simulator:     add searching path:
2017-10-18T06:59:02.590Z - normal: Simulator: 
2017-10-18T06:59:02.590Z - normal: Simulator: 
2017-10-18T06:59:02.590Z - normal: Simulator: 
2017-10-18T06:59:02.590Z - normal: Simulator: ------------------------------------------------
2017-10-18T06:59:02.590Z - normal: Simulator: LOAD Js FILE: main.js
2017-10-18T06:59:02.590Z - normal: Simulator: ------------------------------------------------
2017-10-18T06:59:02.709Z - normal: Simulator: Cocos2d-x-lite v1.5.2
2017-10-18T06:59:02.856Z - normal: Simulator: heheahhaha 测试全局用法
2017-10-18T06:59:02.866Z - normal: Simulator: iShow!
2017-10-18T06:59:03.020Z - normal: Simulator: hahahahhsfassaga
2017-10-18T06:59:03.020Z - normal: Simulator: hhhehehe
2017-10-18T06:59:03.020Z - normal: Simulator: self.size1
2017-10-18T06:59:03.021Z - normal: Simulator: 0
2017-10-18T06:59:03.021Z - normal: Simulator: self.size2
2017-10-18T06:59:03.021Z - normal: Simulator: self.size1
2017-10-18T06:59:03.022Z - normal: Simulator: 1
2017-10-18T06:59:03.022Z - normal: Simulator: self.size2
2017-10-18T06:59:03.022Z - normal: Simulator: to this 1
2017-10-18T06:59:03.022Z - normal: Simulator: to this 2
2017-10-18T06:59:03.022Z - normal: Simulator: 变成中文的情况
2017-10-18T06:59:03.022Z - normal: Simulator: 5
2017-10-18T06:59:03.022Z - normal: Simulator: number
2017-10-18T06:59:03.023Z - normal: Simulator: number
2017-10-18T06:59:03.023Z - normal: Simulator: undefined
2017-10-18T06:59:03.023Z - normal: Simulator: number
2017-10-18T06:59:03.023Z - normal: Simulator: number
2017-10-18T06:59:03.023Z - normal: Simulator: element size = 0
2017-10-18T06:59:03.024Z - normal: Simulator: element0 = 100
2017-10-18T06:59:03.024Z - normal: Simulator: element1 = 101
2017-10-18T06:59:03.024Z - normal: Simulator: element2 = 102
2017-10-18T06:59:03.024Z - normal: Simulator: element3 = 103
2017-10-18T06:59:03.025Z - normal: Simulator: element4 = 104
2017-10-18T06:59:03.025Z - normal: Simulator: element size = 5
2017-10-18T06:59:03.025Z - normal: Simulator: element0 = 100
2017-10-18T06:59:03.025Z - normal: Simulator: element1 = 101
2017-10-18T06:59:03.025Z - normal: Simulator: element2 = 103
2017-10-18T06:59:03.025Z - normal: Simulator: element3 = 104
2017-10-18T06:59:03.026Z - normal: Simulator: element size = 4
2017-10-18T06:59:03.026Z - normal: Simulator: test typeundefined
2017-10-18T06:59:07.397Z - normal: Simulator: basic_object_finalize 0xea42af0 ...
2017-10-18T06:59:07.397Z - normal: Simulator: jsbindings: finalizing JS object 0xea42b20 (WebSocket)
2017-10-18T06:59:07.397Z - normal: Simulator: jsbindings: finalizing JS object 0xea42b50 (SocketIO)
2017-10-18T06:59:07.398Z - normal: Simulator: basic_object_finalize 0xea42be0 ...
2017-10-18T06:59:07.398Z - normal: Simulator: basic_object_finalize 0xea42e80 ...
2017-10-18T06:59:11.151Z - normal: Simulator: WORKAREA WIDTH 1920.00, HEIGHT 970.00
2017-10-18T06:59:11.151Z - normal: Simulator: FRAME SCALE = 1.00
2017-10-18T06:59:11.156Z - normal: Simulator: GLFWError #65544 Happen, Cocoa: Failed to retrieve display name
2017-10-18T06:59:11.230Z - normal: Simulator: 
2017-10-18T06:59:11.230Z - normal: Simulator: {
2017-10-18T06:59:11.230Z - normal: Simulator: 	gl.supports_OES_map_buffer: false
2017-10-18T06:59:11.246Z - normal: Simulator: 	gl.supports_vertex_array_object: true
2017-10-18T06:59:11.246Z - normal: Simulator: 	cocos2d.x.version: 1.5.2
2017-10-18T06:59:11.246Z - normal: Simulator: 	gl.vendor: NVIDIA Corporation
2017-10-18T06:59:11.246Z - normal: Simulator: 	gl.supports_PVRTC: false
2017-10-18T06:59:11.246Z - normal: Simulator: 	gl.renderer: NVIDIA GeForce GTX 650 OpenGL Engine
2017-10-18T06:59:11.247Z - normal: Simulator: 	cocos2d.x.compiled_with_profiler: false
2017-10-18T06:59:11.247Z - normal: Simulator: 	gl.max_texture_size: 16384
2017-10-18T06:59:11.247Z - normal: Simulator: 	gl.supports_ETC1: false
2017-10-18T06:59:11.247Z - normal: Simulator: 	gl.supports_BGRA8888: false
2017-10-18T06:59:11.247Z - normal: Simulator: 	cocos2d.x.build_type: DEBUG
2017-10-18T06:59:11.247Z - normal: Simulator: 	gl.max_texture_units: 16
2017-10-18T06:59:11.247Z - normal: Simulator: 	gl.supports_OES_packed_depth_stencil: false
2017-10-18T06:59:11.247Z - normal: Simulator: 	gl.supports_discard_framebuffer: false
2017-10-18T06:59:11.248Z - normal: Simulator: 	gl.supports_NPOT: true
2017-10-18T06:59:11.248Z - normal: Simulator: 	gl.version: 2.1 NVIDIA-10.17.34 367.15.10.45f01
2017-10-18T06:59:11.248Z - normal: Simulator: 	cocos2d.x.compiled_with_gl_state_cache: true
2017-10-18T06:59:11.248Z - normal: Simulator: 	gl.supports_OES_depth24: false
2017-10-18T06:59:11.248Z - normal: Simulator: }
2017-10-18T06:59:11.248Z - normal: Simulator: 
2017-10-18T06:59:11.248Z - normal: Simulator: 
2017-10-18T06:59:11.249Z - normal: Simulator: cocos2d: warning, Director::setProjection() failed because size is 0
2017-10-18T06:59:11.249Z - normal: Simulator: Project Config:
2017-10-18T06:59:11.249Z - normal: Simulator:     project dir: /Applications/CocosCreator.app/Contents/Resources/cocos2d-x/simulator/mac/Simulator.app/Contents/Resources/
2017-10-18T06:59:11.249Z - normal: Simulator:     writable path: $(PROJDIR)/
2017-10-18T06:59:11.249Z - normal: Simulator:     script file: $(PROJDIR)/main.js
2017-10-18T06:59:11.249Z - normal: Simulator:     frame size: 960 x 640
2017-10-18T06:59:11.249Z - normal: Simulator:     frame scale: 1.00
2017-10-18T06:59:11.250Z - normal: Simulator:     show console: NO
2017-10-18T06:59:11.250Z - normal: Simulator:     write debug log: NO ()
2017-10-18T06:59:11.250Z - normal: Simulator:     listen: 
2017-10-18T06:59:11.250Z - normal: Simulator:     debugger: none
2017-10-18T06:59:11.250Z - normal: Simulator:     add searching path:
2017-10-18T06:59:11.251Z - normal: Simulator: ------------------------------------------------
2017-10-18T06:59:11.251Z - normal: Simulator: LOAD Js FILE: main.js
2017-10-18T06:59:11.251Z - normal: Simulator: ------------------------------------------------
2017-10-18T06:59:11.289Z - normal: Simulator: Cocos2d-x-lite v1.5.2
2017-10-18T06:59:11.426Z - normal: Simulator: heheahhaha 测试全局用法
2017-10-18T06:59:11.428Z - normal: Simulator: iShow!
2017-10-18T06:59:11.571Z - normal: Simulator: hahahahhsfassaga
2017-10-18T06:59:11.572Z - normal: Simulator: hhhehehe
2017-10-18T06:59:11.573Z - normal: Simulator: self.size1
2017-10-18T06:59:11.573Z - normal: Simulator: 0
2017-10-18T06:59:11.573Z - normal: Simulator: self.size2
2017-10-18T06:59:11.575Z - normal: Simulator: self.size1
2017-10-18T06:59:11.576Z - normal: Simulator: 1
2017-10-18T06:59:11.576Z - normal: Simulator: self.size2
2017-10-18T06:59:11.576Z - normal: Simulator: to this 1
2017-10-18T06:59:11.577Z - normal: Simulator: to this 2
2017-10-18T06:59:11.577Z - normal: Simulator: 变成中文的情况
2017-10-18T06:59:11.577Z - normal: Simulator: 5
2017-10-18T06:59:11.578Z - normal: Simulator: number
2017-10-18T06:59:11.578Z - normal: Simulator: number
2017-10-18T06:59:11.578Z - normal: Simulator: undefined
2017-10-18T06:59:11.578Z - normal: Simulator: number
2017-10-18T06:59:11.578Z - normal: Simulator: number
2017-10-18T06:59:11.578Z - normal: Simulator: element size = 0
2017-10-18T06:59:11.579Z - normal: Simulator: element0 = 100
2017-10-18T06:59:11.579Z - normal: Simulator: element1 = 101
2017-10-18T06:59:11.579Z - normal: Simulator: element2 = 102
2017-10-18T06:59:11.579Z - normal: Simulator: element3 = 103
2017-10-18T06:59:11.579Z - normal: Simulator: element4 = 104
2017-10-18T06:59:11.579Z - normal: Simulator: element size = 5
2017-10-18T06:59:11.579Z - normal: Simulator: element0 = 100
2017-10-18T06:59:11.580Z - normal: Simulator: element1 = 101
2017-10-18T06:59:11.580Z - normal: Simulator: element2 = 103
2017-10-18T06:59:11.580Z - normal: Simulator: element3 = 104
2017-10-18T06:59:11.580Z - normal: Simulator: element size = 4
2017-10-18T06:59:11.580Z - normal: Simulator: test typeundefined
2017-10-18T06:59:15.233Z - normal: Simulator: basic_object_finalize 0x1d042af0 ...
2017-10-18T06:59:15.233Z - normal: Simulator: jsbindings: finalizing JS object 0x1d042b20 (WebSocket)
2017-10-18T06:59:15.233Z - normal: Simulator: jsbindings: finalizing JS object 0x1d042b50 (SocketIO)
2017-10-18T06:59:15.234Z - normal: Simulator: basic_object_finalize 0x1d042be0 ...
2017-10-18T06:59:15.234Z - normal: Simulator: basic_object_finalize 0x1d042e80 ...
2017-10-18T07:00:06.485Z - normal: Simulator: WORKAREA WIDTH 1920.00, HEIGHT 970.00
2017-10-18T07:00:06.485Z - normal: Simulator: FRAME SCALE = 1.00
2017-10-18T07:00:06.490Z - normal: Simulator: GLFWError #65544 Happen, Cocoa: Failed to retrieve display name
2017-10-18T07:00:06.556Z - normal: Simulator: 
2017-10-18T07:00:06.572Z - normal: Simulator: {
2017-10-18T07:00:06.573Z - normal: Simulator: 	gl.supports_OES_map_buffer: false
2017-10-18T07:00:06.573Z - normal: Simulator: 	gl.supports_vertex_array_object: true
2017-10-18T07:00:06.573Z - normal: Simulator: 	cocos2d.x.version: 1.5.2
2017-10-18T07:00:06.573Z - normal: Simulator: 	gl.vendor: NVIDIA Corporation
2017-10-18T07:00:06.574Z - normal: Simulator: 	gl.supports_PVRTC: false
2017-10-18T07:00:06.574Z - normal: Simulator: 	gl.renderer: NVIDIA GeForce GTX 650 OpenGL Engine
2017-10-18T07:00:06.575Z - normal: Simulator: 	cocos2d.x.compiled_with_profiler: false
2017-10-18T07:00:06.575Z - normal: Simulator: 	gl.max_texture_size: 16384
2017-10-18T07:00:06.575Z - normal: Simulator: 	gl.supports_ETC1: false
2017-10-18T07:00:06.575Z - normal: Simulator: 	gl.supports_BGRA8888: false
2017-10-18T07:00:06.575Z - normal: Simulator: 	cocos2d.x.build_type: DEBUG
2017-10-18T07:00:06.576Z - normal: Simulator: 	gl.max_texture_units: 16
2017-10-18T07:00:06.576Z - normal: Simulator: 	gl.supports_OES_packed_depth_stencil: false
2017-10-18T07:00:06.576Z - normal: Simulator: 	gl.supports_discard_framebuffer: false
2017-10-18T07:00:06.576Z - normal: Simulator: 	gl.supports_NPOT: true
2017-10-18T07:00:06.577Z - normal: Simulator: 	gl.version: 2.1 NVIDIA-10.17.34 367.15.10.45f01
2017-10-18T07:00:06.577Z - normal: Simulator: 	cocos2d.x.compiled_with_gl_state_cache: true
2017-10-18T07:00:06.577Z - normal: Simulator: 	gl.supports_OES_depth24: false
2017-10-18T07:00:06.577Z - normal: Simulator: }
2017-10-18T07:00:06.577Z - normal: Simulator: 
2017-10-18T07:00:06.577Z - normal: Simulator: 
2017-10-18T07:00:06.577Z - normal: Simulator: cocos2d: warning, Director::setProjection() failed because size is 0
2017-10-18T07:00:06.579Z - normal: Simulator: Project Config:
2017-10-18T07:00:06.579Z - normal: Simulator:     project dir: /Applications/CocosCreator.app/Contents/Resources/cocos2d-x/simulator/mac/Simulator.app/Contents/Resources/
2017-10-18T07:00:06.579Z - normal: Simulator:     writable path: $(PROJDIR)/
2017-10-18T07:00:06.579Z - normal: Simulator:     script file: $(PROJDIR)/main.js
2017-10-18T07:00:06.579Z - normal: Simulator:     frame size: 960 x 640
2017-10-18T07:00:06.580Z - normal: Simulator:     frame scale: 1.00
2017-10-18T07:00:06.581Z - normal: Simulator:     show console: NO
2017-10-18T07:00:06.581Z - normal: Simulator:     write debug log: NO ()
2017-10-18T07:00:06.581Z - normal: Simulator:     listen: 
2017-10-18T07:00:06.581Z - normal: Simulator:     debugger: none
2017-10-18T07:00:06.581Z - normal: Simulator:     add searching path:
2017-10-18T07:00:06.581Z - normal: Simulator: 
2017-10-18T07:00:06.582Z - normal: Simulator: 
2017-10-18T07:00:06.582Z - normal: Simulator: 
2017-10-18T07:00:06.582Z - normal: Simulator: ------------------------------------------------
2017-10-18T07:00:06.582Z - normal: Simulator: LOAD Js FILE: main.js
2017-10-18T07:00:06.582Z - normal: Simulator: ------------------------------------------------
2017-10-18T07:00:06.618Z - normal: Simulator: Cocos2d-x-lite v1.5.2
2017-10-18T07:00:06.753Z - normal: Simulator: heheahhaha 测试全局用法
2017-10-18T07:00:06.754Z - normal: Simulator: iShow!
2017-10-18T07:00:06.905Z - normal: Simulator: hahahahhsfassaga
2017-10-18T07:00:06.906Z - normal: Simulator: hhhehehe
2017-10-18T07:00:06.907Z - normal: Simulator: self.size1
2017-10-18T07:00:06.907Z - normal: Simulator: 0
2017-10-18T07:00:06.907Z - normal: Simulator: self.size2
2017-10-18T07:00:06.907Z - normal: Simulator: self.size1
2017-10-18T07:00:06.907Z - normal: Simulator: 1
2017-10-18T07:00:06.907Z - normal: Simulator: self.size2
2017-10-18T07:00:06.907Z - normal: Simulator: to this 1
2017-10-18T07:00:06.908Z - normal: Simulator: to this 2
2017-10-18T07:00:06.908Z - normal: Simulator: 变成中文的情况
2017-10-18T07:00:06.908Z - normal: Simulator: 5
2017-10-18T07:00:06.908Z - normal: Simulator: number
2017-10-18T07:00:06.908Z - normal: Simulator: number
2017-10-18T07:00:06.908Z - normal: Simulator: undefined
2017-10-18T07:00:06.909Z - normal: Simulator: number
2017-10-18T07:00:06.909Z - normal: Simulator: number
2017-10-18T07:00:06.909Z - normal: Simulator: element size = 0
2017-10-18T07:00:06.909Z - normal: Simulator: element0 = 100
2017-10-18T07:00:06.909Z - normal: Simulator: element1 = 101
2017-10-18T07:00:06.909Z - normal: Simulator: element2 = 102
2017-10-18T07:00:06.909Z - normal: Simulator: element3 = 103
2017-10-18T07:00:06.909Z - normal: Simulator: element4 = 104
2017-10-18T07:00:06.909Z - normal: Simulator: element size = 5
2017-10-18T07:00:06.910Z - normal: Simulator: element0 = 100
2017-10-18T07:00:06.910Z - normal: Simulator: element1 = 101
2017-10-18T07:00:06.910Z - normal: Simulator: element2 = 103
2017-10-18T07:00:06.910Z - normal: Simulator: element3 = 104
2017-10-18T07:00:06.910Z - normal: Simulator: element size = 4
2017-10-18T07:00:06.910Z - normal: Simulator: test typeundefined
2017-10-18T07:00:10.087Z - normal: Simulator: basic_object_finalize 0xfe42af0 ...
2017-10-18T07:00:10.087Z - normal: Simulator: jsbindings: finalizing JS object 0xfe42b20 (WebSocket)
2017-10-18T07:00:10.087Z - normal: Simulator: jsbindings: finalizing JS object 0xfe42b50 (SocketIO)
2017-10-18T07:00:10.088Z - normal: Simulator: basic_object_finalize 0xfe42be0 ...
2017-10-18T07:00:10.088Z - normal: Simulator: basic_object_finalize 0xfe42e80 ...
2017-10-18T07:06:53.063Z - normal: Compiled project javascript file successfully
2017-10-18T07:16:12.806Z - normal: Compiled project javascript file successfully
2017-10-18T07:39:24.831Z - normal: Compiled project javascript file successfully
2017-10-18T07:39:45.459Z - success: VS Code extension installed to /Users/splspeco/.vscode/extensions
2017-10-18T07:41:03.833Z - normal: Compiled project javascript file successfully
2017-10-18T07:51:45.321Z - normal: Compiled project javascript file successfully
